<?xml version="1.0" encoding="UTF-8"?>
<!-- Generated by org.testng.reporters.JUnitXMLReporter -->
<testsuite hostname="10X-Mahendra" name="Sample Testng test" tests="3" failures="0" timestamp="31 Jan 2016 14:30:53 GMT" time="12.407" errors="0">
  <testcase name="testMethod" time="0.004" classname="Tenxlabs.AutomationTesting.TestCase01"/>
  <testcase name="fun" time="0.001" classname="Tenxlabs.AutomationTesting.TestCase02"/>
  <testcase name="testDownload" time="8.831" classname="Tenxlabs.AutomationTesting.ExampleTest"/>
</testsuite> <!-- Sample Testng test -->
