<?xml version="1.0" encoding="UTF-8"?>
<!-- Generated by org.testng.reporters.JUnitXMLReporter -->
<testsuite hostname="10X-Mahendra" name="Sample Testng test" tests="3" failures="0" timestamp="1 Feb 2016 10:09:40 GMT" time="47.629" errors="0">
  <testcase name="testMethod" time="0.001" classname="Tenxlabs.AutomationTesting.TestCase01"/>
  <testcase name="fun" time="0.0" classname="Tenxlabs.AutomationTesting.TestCase02"/>
  <testcase name="testDownload" time="9.151" classname="Tenxlabs.AutomationTesting.ExampleTest"/>
</testsuite> <!-- Sample Testng test -->
