<?xml version="1.0" encoding="UTF-8"?>
<testsuite xmlns:xsi="http://www.w3.org/2001/XMLSchema-instance" xsi:schemaLocation="https://maven.apache.org/surefire/maven-surefire-plugin/xsd/surefire-test-report.xsd" name="TestSuite" time="130.177" tests="3" errors="0" skipped="0" failures="1">
  <properties>
[...]
</properties>
  <testcase name="testMethod" classname="Tenxlabs.AutomationTesting.TestCase01" time="0.012"/>
  <testcase name="fun" classname="Tenxlabs.AutomationTesting.TestCase02" time="0"/>
  <testcase name="testDownload" classname="Tenxlabs.AutomationTesting.ExampleTest" time="65.966">
    <failure message="invalid selector: Unable to locate an element with the xpath expression //div[@class=&apos;main&apos;]/h1 because of the following error:&#10;TypeError: Failed to execute &apos;createNSResolver&apos; on &apos;Document&apos;: parameter 1 is not of type &apos;Node&apos;.&#10;  (Session info: chrome=48.0.2564.97)&#10;  (Driver info: chromedriver=2.15.322448 (52179c1b310fec1797c81ea9a20326839860b7d3),platform=Windows NT 6.1 SP1 x86_64) (WARNING: The server did not provide any stacktrace information)&#10;Command duration or timeout: 52.73 seconds&#10;For documentation on this error, please visit: http://seleniumhq.org/exceptions/invalid_selector_exception.html&#10;Build info: version: &apos;2.50.1&apos;, revision: &apos;d7fc91b29de65b790abb01f3ac5f7ea2191c88a7&apos;, time: &apos;2016-01-29 11:11:26&apos;&#10;System info: host: &apos;10X-Mahendra&apos;, ip: &apos;192.168.0.113&apos;, os.name: &apos;Windows 7&apos;, os.arch: &apos;amd64&apos;, os.version: &apos;6.1&apos;, java.version: &apos;1.8.0_65&apos;&#10;Driver info: org.openqa.selenium.chrome.ChromeDriver&#10;Capabilities [{applicationCacheEnabled=false, rotatable=false, mobileEmulationEnabled=false, chrome={userDataDir=C:\Users\Mahendra\AppData\Local\Temp\scoped_dir6768_20376}, takesHeapSnapshot=true, databaseEnabled=false, handlesAlerts=true, version=48.0.2564.97, platform=XP, browserConnectionEnabled=false, nativeEvents=true, acceptSslCerts=true, locationContextEnabled=true, webStorageEnabled=true, browserName=chrome, takesScreenshot=true, javascriptEnabled=true, cssSelectorsEnabled=true}]&#10;Session ID: b5f69d6afb2b94704754b2e74777ea1e&#10;*** Element info: {Using=xpath, value=//div[@class=&apos;main&apos;]/h1}" type="org.openqa.selenium.InvalidSelectorException">org.openqa.selenium.InvalidSelectorException: 
invalid selector: Unable to locate an element with the xpath expression //div[@class='main']/h1 because of the following error:
TypeError: Failed to execute 'createNSResolver' on 'Document': parameter 1 is not of type 'Node'.
  (Session info: chrome=48.0.2564.97)
  (Driver info: chromedriver=2.15.322448 (52179c1b310fec1797c81ea9a20326839860b7d3),platform=Windows NT 6.1 SP1 x86_64) (WARNING: The server did not provide any stacktrace information)
Command duration or timeout: 52.73 seconds
For documentation on this error, please visit: http://seleniumhq.org/exceptions/invalid_selector_exception.html
Build info: version: '2.50.1', revision: 'd7fc91b29de65b790abb01f3ac5f7ea2191c88a7', time: '2016-01-29 11:11:26'
System info: host: '10X-Mahendra', ip: '192.168.0.113', os.name: 'Windows 7', os.arch: 'amd64', os.version: '6.1', java.version: '1.8.0_65'
Driver info: org.openqa.selenium.chrome.ChromeDriver
Capabilities [{applicationCacheEnabled=false, rotatable=false, mobileEmulationEnabled=false, chrome={userDataDir=C:\Users\Mahendra\AppData\Local\Temp\scoped_dir6768_20376}, takesHeapSnapshot=true, databaseEnabled=false, handlesAlerts=true, version=48.0.2564.97, platform=XP, browserConnectionEnabled=false, nativeEvents=true, acceptSslCerts=true, locationContextEnabled=true, webStorageEnabled=true, browserName=chrome, takesScreenshot=true, javascriptEnabled=true, cssSelectorsEnabled=true}]
Session ID: b5f69d6afb2b94704754b2e74777ea1e
*** Element info: {Using=xpath, value=//div[@class='main']/h1}
	at Tenxlabs.AutomationTesting.ExampleTest.testDownload(ExampleTest.java:34)
</failure>
  </testcase>
</testsuite>