<?xml version="1.0" encoding="UTF-8"?>
<testng-results skipped="0" failed="0" total="3" passed="3">
  <reporter-output>
    <line>
      <![CDATA[Test Case01 Execution was done]]>
    </line>
    <line>
      <![CDATA[Test case 02 execution was done]]>
    </line>
    <line>
      <![CDATA[Page Title : Sign in to your Zoho Mail account]]>
    </line>
  </reporter-output>
  <suite name="SamplSuite" duration-ms="47629" started-at="2016-02-01T10:08:52Z" finished-at="2016-02-01T10:09:39Z">
    <groups>
    </groups>
    <test name="Sample Testng test" duration-ms="47629" started-at="2016-02-01T10:08:52Z" finished-at="2016-02-01T10:09:39Z">
      <class name="Tenxlabs.AutomationTesting.TestCase01">
        <test-method status="PASS" signature="testMethod()[pri:0, instance:Tenxlabs.AutomationTesting.TestCase01@735b478]" name="testMethod" duration-ms="1" started-at="2016-02-01T15:39:22Z" finished-at="2016-02-01T15:39:22Z">
          <reporter-output>
            <line>
              <![CDATA[Test Case01 Execution was done]]>
            </line>
          </reporter-output>
        </test-method> <!-- testMethod -->
      </class> <!-- Tenxlabs.AutomationTesting.TestCase01 -->
      <class name="Tenxlabs.AutomationTesting.TestCase02">
        <test-method status="PASS" signature="fun()[pri:0, instance:Tenxlabs.AutomationTesting.TestCase02@2c9f9fb0]" name="fun" duration-ms="0" started-at="2016-02-01T15:39:22Z" finished-at="2016-02-01T15:39:22Z">
          <reporter-output>
            <line>
              <![CDATA[Test case 02 execution was done]]>
            </line>
          </reporter-output>
        </test-method> <!-- fun -->
      </class> <!-- Tenxlabs.AutomationTesting.TestCase02 -->
      <class name="Tenxlabs.AutomationTesting.ExampleTest">
        <test-method status="PASS" signature="startUp()[pri:0, instance:Tenxlabs.AutomationTesting.ExampleTest@52af6cff]" name="startUp" is-config="true" duration-ms="30056" started-at="2016-02-01T15:38:52Z" finished-at="2016-02-01T15:39:22Z">
          <reporter-output>
          </reporter-output>
        </test-method> <!-- startUp -->
        <test-method status="PASS" signature="testDownload()[pri:0, instance:Tenxlabs.AutomationTesting.ExampleTest@52af6cff]" name="testDownload" duration-ms="9151" started-at="2016-02-01T15:39:22Z" finished-at="2016-02-01T15:39:31Z">
          <reporter-output>
            <line>
              <![CDATA[Page Title : Sign in to your Zoho Mail account]]>
            </line>
          </reporter-output>
        </test-method> <!-- testDownload -->
        <test-method status="PASS" signature="tearDown()[pri:0, instance:Tenxlabs.AutomationTesting.ExampleTest@52af6cff]" name="tearDown" is-config="true" duration-ms="8373" started-at="2016-02-01T15:39:31Z" finished-at="2016-02-01T15:39:39Z">
          <reporter-output>
          </reporter-output>
        </test-method> <!-- tearDown -->
      </class> <!-- Tenxlabs.AutomationTesting.ExampleTest -->
    </test> <!-- Sample Testng test -->
  </suite> <!-- SamplSuite -->
</testng-results>
