<?xml version="1.0" encoding="UTF-8"?>
<testng-results skipped="0" failed="1" total="3" passed="2">
  <reporter-output>
    <line>
      <![CDATA[Test Case01 Execution was done]]>
    </line>
    <line>
      <![CDATA[Test case 02 execution was done]]>
    </line>
  </reporter-output>
  <suite name="SamplSuite" duration-ms="121109" started-at="2016-01-31T16:59:39Z" finished-at="2016-01-31T17:01:40Z">
    <groups>
    </groups>
    <test name="Sample Testng test" duration-ms="121109" started-at="2016-01-31T16:59:39Z" finished-at="2016-01-31T17:01:40Z">
      <class name="Tenxlabs.AutomationTesting.TestCase01">
        <test-method status="PASS" signature="testMethod()[pri:0, instance:Tenxlabs.AutomationTesting.TestCase01@735b478]" name="testMethod" duration-ms="2" started-at="2016-01-31T22:30:17Z" finished-at="2016-01-31T22:30:17Z">
          <reporter-output>
            <line>
              <![CDATA[Test Case01 Execution was done]]>
            </line>
          </reporter-output>
        </test-method> <!-- testMethod -->
      </class> <!-- Tenxlabs.AutomationTesting.TestCase01 -->
      <class name="Tenxlabs.AutomationTesting.TestCase02">
        <test-method status="PASS" signature="fun()[pri:0, instance:Tenxlabs.AutomationTesting.TestCase02@2c9f9fb0]" name="fun" duration-ms="0" started-at="2016-01-31T22:30:17Z" finished-at="2016-01-31T22:30:17Z">
          <reporter-output>
            <line>
              <![CDATA[Test case 02 execution was done]]>
            </line>
          </reporter-output>
        </test-method> <!-- fun -->
      </class> <!-- Tenxlabs.AutomationTesting.TestCase02 -->
      <class name="Tenxlabs.AutomationTesting.ExampleTest">
        <test-method status="PASS" signature="startUp()[pri:0, instance:Tenxlabs.AutomationTesting.ExampleTest@52af6cff]" name="startUp" is-config="true" duration-ms="37799" started-at="2016-01-31T22:29:39Z" finished-at="2016-01-31T22:30:17Z">
          <reporter-output>
          </reporter-output>
        </test-method> <!-- startUp -->
        <test-method status="FAIL" signature="testDownload()[pri:0, instance:Tenxlabs.AutomationTesting.ExampleTest@52af6cff]" name="testDownload" duration-ms="65767" started-at="2016-01-31T22:30:17Z" finished-at="2016-01-31T22:31:23Z">
          <exception class="org.openqa.selenium.InvalidSelectorException">
            <message>
              <![CDATA[invalid selector: Unable to locate an element with the xpath expression //div[@class='main']/h1 because of the following error:
TypeError: Failed to execute 'createNSResolver' on 'Document': parameter 1 is not of type 'Node'.
  (Session info: chrome=48.0.2564.97)
  (Driver info: chromedriver=2.15.322448 (52179c1b310fec1797c81ea9a20326839860b7d3),platform=Windows NT 6.1 SP1 x86_64) (WARNING: The server did not provide any stacktrace information)
Command duration or timeout: 52.73 seconds
For documentation on this error, please visit: http://seleniumhq.org/exceptions/invalid_selector_exception.html
Build info: version: '2.50.1', revision: 'd7fc91b29de65b790abb01f3ac5f7ea2191c88a7', time: '2016-01-29 11:11:26'
System info: host: '10X-Mahendra', ip: '192.168.0.113', os.name: 'Windows 7', os.arch: 'amd64', os.version: '6.1', java.version: '1.8.0_65'
Driver info: org.openqa.selenium.chrome.ChromeDriver
Capabilities [{applicationCacheEnabled=false, rotatable=false, mobileEmulationEnabled=false, chrome={userDataDir=C:\Users\Mahendra\AppData\Local\Temp\scoped_dir6768_20376}, takesHeapSnapshot=true, databaseEnabled=false, handlesAlerts=true, version=48.0.2564.97, platform=XP, browserConnectionEnabled=false, nativeEvents=true, acceptSslCerts=true, locationContextEnabled=true, webStorageEnabled=true, browserName=chrome, takesScreenshot=true, javascriptEnabled=true, cssSelectorsEnabled=true}]
Session ID: b5f69d6afb2b94704754b2e74777ea1e
*** Element info: {Using=xpath, value=//div[@class='main']/h1}]]>
            </message>
            <full-stacktrace>
              <![CDATA[org.openqa.selenium.InvalidSelectorException: invalid selector: Unable to locate an element with the xpath expression //div[@class='main']/h1 because of the following error:
TypeError: Failed to execute 'createNSResolver' on 'Document': parameter 1 is not of type 'Node'.
  (Session info: chrome=48.0.2564.97)
  (Driver info: chromedriver=2.15.322448 (52179c1b310fec1797c81ea9a20326839860b7d3),platform=Windows NT 6.1 SP1 x86_64) (WARNING: The server did not provide any stacktrace information)
Command duration or timeout: 52.73 seconds
For documentation on this error, please visit: http://seleniumhq.org/exceptions/invalid_selector_exception.html
Build info: version: '2.50.1', revision: 'd7fc91b29de65b790abb01f3ac5f7ea2191c88a7', time: '2016-01-29 11:11:26'
System info: host: '10X-Mahendra', ip: '192.168.0.113', os.name: 'Windows 7', os.arch: 'amd64', os.version: '6.1', java.version: '1.8.0_65'
Driver info: org.openqa.selenium.chrome.ChromeDriver
Capabilities [{applicationCacheEnabled=false, rotatable=false, mobileEmulationEnabled=false, chrome={userDataDir=C:\Users\Mahendra\AppData\Local\Temp\scoped_dir6768_20376}, takesHeapSnapshot=true, databaseEnabled=false, handlesAlerts=true, version=48.0.2564.97, platform=XP, browserConnectionEnabled=false, nativeEvents=true, acceptSslCerts=true, locationContextEnabled=true, webStorageEnabled=true, browserName=chrome, takesScreenshot=true, javascriptEnabled=true, cssSelectorsEnabled=true}]
Session ID: b5f69d6afb2b94704754b2e74777ea1e
*** Element info: {Using=xpath, value=//div[@class='main']/h1}
	at sun.reflect.NativeConstructorAccessorImpl.newInstance0(Native Method)
	at sun.reflect.NativeConstructorAccessorImpl.newInstance(NativeConstructorAccessorImpl.java:62)
	at sun.reflect.DelegatingConstructorAccessorImpl.newInstance(DelegatingConstructorAccessorImpl.java:45)
	at java.lang.reflect.Constructor.newInstance(Constructor.java:422)
	at org.openqa.selenium.remote.ErrorHandler.createThrowable(ErrorHandler.java:206)
	at org.openqa.selenium.remote.ErrorHandler.throwIfResponseFailed(ErrorHandler.java:158)
	at org.openqa.selenium.remote.RemoteWebDriver.execute(RemoteWebDriver.java:678)
	at org.openqa.selenium.remote.RemoteWebDriver.findElement(RemoteWebDriver.java:363)
	at org.openqa.selenium.remote.RemoteWebDriver.findElementByXPath(RemoteWebDriver.java:500)
	at org.openqa.selenium.By$ByXPath.findElement(By.java:361)
	at org.openqa.selenium.remote.RemoteWebDriver.findElement(RemoteWebDriver.java:355)
	at Tenxlabs.AutomationTesting.ExampleTest.testDownload(ExampleTest.java:34)
	at sun.reflect.NativeMethodAccessorImpl.invoke0(Native Method)
	at sun.reflect.NativeMethodAccessorImpl.invoke(NativeMethodAccessorImpl.java:62)
	at sun.reflect.DelegatingMethodAccessorImpl.invoke(DelegatingMethodAccessorImpl.java:43)
	at java.lang.reflect.Method.invoke(Method.java:497)
	at org.testng.internal.MethodInvocationHelper.invokeMethod(MethodInvocationHelper.java:86)
	at org.testng.internal.Invoker.invokeMethod(Invoker.java:643)
	at org.testng.internal.Invoker.invokeTestMethod(Invoker.java:820)
	at org.testng.internal.Invoker.invokeTestMethods(Invoker.java:1128)
	at org.testng.internal.TestMethodWorker.invokeTestMethods(TestMethodWorker.java:129)
	at org.testng.internal.TestMethodWorker.run(TestMethodWorker.java:112)
	at org.testng.TestRunner.privateRun(TestRunner.java:782)
	at org.testng.TestRunner.run(TestRunner.java:632)
	at org.testng.SuiteRunner.runTest(SuiteRunner.java:366)
	at org.testng.SuiteRunner.runSequentially(SuiteRunner.java:361)
	at org.testng.SuiteRunner.privateRun(SuiteRunner.java:319)
	at org.testng.SuiteRunner.run(SuiteRunner.java:268)
	at org.testng.SuiteRunnerWorker.runSuite(SuiteRunnerWorker.java:52)
	at org.testng.SuiteRunnerWorker.run(SuiteRunnerWorker.java:86)
	at org.testng.TestNG.runSuitesSequentially(TestNG.java:1244)
	at org.testng.TestNG.runSuitesLocally(TestNG.java:1169)
	at org.testng.TestNG.run(TestNG.java:1064)
	at org.apache.maven.surefire.testng.TestNGExecutor.run(TestNGExecutor.java:282)
	at org.apache.maven.surefire.testng.TestNGXmlTestSuite.execute(TestNGXmlTestSuite.java:83)
	at org.apache.maven.surefire.testng.TestNGProvider.invoke(TestNGProvider.java:114)
	at org.apache.maven.surefire.booter.ForkedBooter.invokeProviderInSameClassLoader(ForkedBooter.java:286)
	at org.apache.maven.surefire.booter.ForkedBooter.runSuitesInProcess(ForkedBooter.java:240)
	at org.apache.maven.surefire.booter.ForkedBooter.main(ForkedBooter.java:121)
]]>
            </full-stacktrace>
          </exception> <!-- org.openqa.selenium.InvalidSelectorException -->
          <reporter-output>
          </reporter-output>
        </test-method> <!-- testDownload -->
        <test-method status="PASS" signature="tearDown()[pri:0, instance:Tenxlabs.AutomationTesting.ExampleTest@52af6cff]" name="tearDown" is-config="true" duration-ms="17320" started-at="2016-01-31T22:31:23Z" finished-at="2016-01-31T22:31:40Z">
          <reporter-output>
          </reporter-output>
        </test-method> <!-- tearDown -->
      </class> <!-- Tenxlabs.AutomationTesting.ExampleTest -->
    </test> <!-- Sample Testng test -->
  </suite> <!-- SamplSuite -->
</testng-results>
