<?xml version="1.0" encoding="UTF-8"?>
<testng-results skipped="0" failed="0" total="1" passed="1">
  <reporter-output>
    <line>
      <![CDATA[Test Case01 Execution was done]]>
    </line>
  </reporter-output>
  <suite name="Default suite" duration-ms="40" started-at="2016-02-01T10:06:41Z" finished-at="2016-02-01T10:06:41Z">
    <groups>
    </groups>
    <test name="Default test" duration-ms="40" started-at="2016-02-01T10:06:41Z" finished-at="2016-02-01T10:06:41Z">
      <class name="Tenxlabs.AutomationTesting.TestCase01">
        <test-method status="PASS" signature="testMethod()[pri:0, instance:Tenxlabs.AutomationTesting.TestCase01@6a024a67]" name="testMethod" duration-ms="20" started-at="2016-02-01T15:36:41Z" finished-at="2016-02-01T15:36:41Z">
          <reporter-output>
            <line>
              <![CDATA[Test Case01 Execution was done]]>
            </line>
          </reporter-output>
        </test-method> <!-- testMethod -->
      </class> <!-- Tenxlabs.AutomationTesting.TestCase01 -->
    </test> <!-- Default test -->
  </suite> <!-- Default suite -->
</testng-results>
