<?xml version="1.0" encoding="UTF-8"?>
<testng-results skipped="0" failed="0" total="3" passed="3">
  <reporter-output>
    <line>
      <![CDATA[Test Case01 Execution was done]]>
    </line>
    <line>
      <![CDATA[Test case 02 execution was done]]>
    </line>
    <line>
      <![CDATA[Page Title : Sign in to your Zoho Mail account]]>
    </line>
  </reporter-output>
  <suite name="SamplSuite" duration-ms="12407" started-at="2016-01-31T14:30:40Z" finished-at="2016-01-31T14:30:53Z">
    <groups>
    </groups>
    <test name="Sample Testng test" duration-ms="12407" started-at="2016-01-31T14:30:40Z" finished-at="2016-01-31T14:30:53Z">
      <class name="Tenxlabs.AutomationTesting.TestCase01">
        <test-method status="PASS" signature="testMethod()[pri:0, instance:Tenxlabs.AutomationTesting.TestCase01@4439f31e]" name="testMethod" duration-ms="4" started-at="2016-01-31T20:00:43Z" finished-at="2016-01-31T20:00:43Z">
          <reporter-output>
            <line>
              <![CDATA[Test Case01 Execution was done]]>
            </line>
          </reporter-output>
        </test-method> <!-- testMethod -->
      </class> <!-- Tenxlabs.AutomationTesting.TestCase01 -->
      <class name="Tenxlabs.AutomationTesting.TestCase02">
        <test-method status="PASS" signature="fun()[pri:0, instance:Tenxlabs.AutomationTesting.TestCase02@5dfcfece]" name="fun" duration-ms="1" started-at="2016-01-31T20:00:43Z" finished-at="2016-01-31T20:00:43Z">
          <reporter-output>
            <line>
              <![CDATA[Test case 02 execution was done]]>
            </line>
          </reporter-output>
        </test-method> <!-- fun -->
      </class> <!-- Tenxlabs.AutomationTesting.TestCase02 -->
      <class name="Tenxlabs.AutomationTesting.ExampleTest">
        <test-method status="PASS" signature="startUp()[pri:0, instance:Tenxlabs.AutomationTesting.ExampleTest@215be6bb]" name="startUp" is-config="true" duration-ms="2304" started-at="2016-01-31T20:00:40Z" finished-at="2016-01-31T20:00:43Z">
          <reporter-output>
          </reporter-output>
        </test-method> <!-- startUp -->
        <test-method status="PASS" signature="testDownload()[pri:0, instance:Tenxlabs.AutomationTesting.ExampleTest@215be6bb]" name="testDownload" duration-ms="8831" started-at="2016-01-31T20:00:43Z" finished-at="2016-01-31T20:00:52Z">
          <reporter-output>
            <line>
              <![CDATA[Page Title : Sign in to your Zoho Mail account]]>
            </line>
          </reporter-output>
        </test-method> <!-- testDownload -->
        <test-method status="PASS" signature="tearDown()[pri:0, instance:Tenxlabs.AutomationTesting.ExampleTest@215be6bb]" name="tearDown" is-config="true" duration-ms="1237" started-at="2016-01-31T20:00:52Z" finished-at="2016-01-31T20:00:53Z">
          <reporter-output>
          </reporter-output>
        </test-method> <!-- tearDown -->
      </class> <!-- Tenxlabs.AutomationTesting.ExampleTest -->
    </test> <!-- Sample Testng test -->
  </suite> <!-- SamplSuite -->
</testng-results>
